{"name": "test_login_normal_2", "status": "failed", "statusDetails": {"message": "AssertionError: Expected <200> to be equal to <201>, but was not.", "trace": "@pytest.mark.PintuTestRail(7551)\n    def test_login_normal_2():\n        param = {\n            \"otp\": data.otp,\n            \"auth\": {\n                \"type\": \"email\",\n                \"email\": data.email,\n                \"password\": data.pwd\n            }\n        }\n        req = requests.post(url.login, json=param, headers=pre.req_otp())\n>       assert_that(req.status_code).is_equal_to(201)\nE       AssertionError: Expected <200> to be equal to <201>, but was not.\n\nautomation/auth/test_login.py:35: AssertionError"}, "start": 1661857550199, "stop": 1661857550990, "uuid": "3072110f-938d-4028-9384-085fd5a47002", "historyId": "c7e4b37c5b7a9acf1651a57a7ebb8fd0", "testCaseId": "ee575094e1fac5a31e81175d2c49af2e", "fullName": "automation.auth.test_login#test_login_normal_2", "labels": [{"name": "tag", "value": "PintuTestRail(7551)"}, {"name": "parentSuite", "value": "automation.auth"}, {"name": "suite", "value": "test_login"}, {"name": "host", "value": "Pintus-MacBook-Pro-4.local"}, {"name": "thread", "value": "36323-MainThread"}, {"name": "framework", "value": "pytest"}, {"name": "language", "value": "cpython3"}, {"name": "package", "value": "automation.auth.test_login"}]}