{"name": "test_login_normal_3", "status": "failed", "statusDetails": {"message": "AssertionError: Expected <200> to be equal to <201>, but was not.", "trace": "@pytest.mark.PintuTestRail(7551)\n    def test_login_normal_3():\n        param = {\n            \"otp\": data.otp,\n            \"auth\": {\n                \"type\": \"email\",\n                \"email\": data.email,\n                \"password\": data.pwd\n            }\n        }\n        req = requests.post(url.login, json=param, headers=pre.req_otp())\n>       assert_that(req.status_code).is_equal_to(201)\nE       AssertionError: Expected <200> to be equal to <201>, but was not.\n\nautomation/auth/test_login.py:49: AssertionError"}, "attachments": [{"name": "stdout", "source": "c1cd19b3-928a-4388-8163-e8e16b0e3715-attachment.txt", "type": "text/plain"}], "start": 1661857552867, "stop": 1661857553732, "uuid": "6393ac69-1c46-4f08-8731-fd0b46f02b07", "historyId": "1e718ffd0a73d4c0d362bcec70fed426", "testCaseId": "ab745bdc2463147bd6285f390e488cdc", "fullName": "automation.auth.test_login#test_login_normal_3", "labels": [{"name": "tag", "value": "PintuTestRail(7551)"}, {"name": "parentSuite", "value": "automation.auth"}, {"name": "suite", "value": "test_login"}, {"name": "host", "value": "Pintus-MacBook-Pro-4.local"}, {"name": "thread", "value": "36323-MainThread"}, {"name": "framework", "value": "pytest"}, {"name": "language", "value": "cpython3"}, {"name": "package", "value": "automation.auth.test_login"}]}